<?xml version="1.0" encoding="UTF-8"?>
<!-- Generated by org.testng.reporters.JUnitXMLReporter -->
<testsuite hostname="nishantthool.elitecore.co.in" ignored="0" name="Test" tests="1" failures="1" timestamp="10 Jul 2019 10:16:07 GMT" time="11.241" errors="0">
  <testcase name="fillForm" time="11.211" classname="tests.FillFormTest">
    <failure type="java.lang.RuntimeException" message="java.lang.InstantiationException: pages.FillFormPage">
      <![CDATA[java.lang.RuntimeException: java.lang.InstantiationException: pages.FillFormPage
at org.openqa.selenium.support.PageFactory.instantiatePage(PageFactory.java:134)
at org.openqa.selenium.support.PageFactory.initElements(PageFactory.java:64)
at tests.FillFormTest.fillForm(FillFormTest.java:20)
Caused by: java.lang.InstantiationException: pages.FillFormPage
at java.lang.Class.newInstance(Class.java:427)
at org.openqa.selenium.support.PageFactory.instantiatePage(PageFactory.java:131)
... 27 more
Caused by: java.lang.NoSuchMethodException: pages.FillFormPage.<init>()
at java.lang.Class.getConstructor0(Class.java:3082)
at java.lang.Class.newInstance(Class.java:412)
... 28 more
... Removed 25 stack frames]]>
    </failure>
  </testcase> <!-- fillForm -->
</testsuite> <!-- Test -->
